<?xml version="1.0" encoding="UTF-8" standalone="yes"?><ns2:MqttSpyConfiguration xmlns:ns2="http://baczkowicz.pl/mqtt-spy-configuration"><Connectivity><Connection><Name>user1@localhost</Name><ServerURI>tcp://127.0.0.1:1883</ServerURI><ClientID>user1</ClientID><AutoOpen>false</AutoOpen><AutoConnect>false</AutoConnect><CleanSession>true</CleanSession><ConnectionTimeout>30</ConnectionTimeout><KeepAliveInterval>60</KeepAliveInterval><Formatter>ascii</Formatter><MaxMessagesStored>5000</MaxMessagesStored></Connection><Connection><Name>user2@localhost</Name><ServerURI>tcp://localhost</ServerURI><ClientID>user23</ClientID><AutoOpen>false</AutoOpen><AutoConnect>true</AutoConnect><CleanSession>true</CleanSession><ConnectionTimeout>7</ConnectionTimeout><KeepAliveInterval>10</KeepAliveInterval><Formatter>base64-body-decoder</Formatter><MaxMessagesStored>1500</MaxMessagesStored><Publication topic="/test3/"/><Publication topic="/pubtest2/"/><Publication topic="/pubtest4/"/><Subscription topic="/test1/" qos="0" createTab="false"/><Subscription topic="/test2/" qos="2" createTab="false"/><Subscription topic="/test3/" qos="0" createTab="true"/></Connection></Connectivity><Formatting><Formatter><Name>ASCII</Name><ID>ascii</ID><Function><CharacterReplace><Format>HexEncode</Format><CharacterRangeFrom>0</CharacterRangeFrom><CharacterRangeTo>32</CharacterRangeTo><WrapCharacter>-</WrapCharacter></CharacterReplace></Function></Formatter><Formatter><Name>Base64 body decoder</Name><ID>base64-body-decoder</ID><Function><SubstringConversion><StartTag>&lt;Body&gt;</StartTag><EndTag>&lt;/Body&gt;</EndTag><KeepTags>true</KeepTags><Format>Base64Decode</Format></SubstringConversion></Function><Function><SubstringExtract><StartTag>&lt;Body&gt;</StartTag><EndTag>&lt;/Body&gt;</EndTag><KeepTags>false</KeepTags></SubstringExtract></Function></Formatter></Formatting></ns2:MqttSpyConfiguration>